1761531439876:help
1761531451703:hello
1761531472163:clear
1761531755366:hello world
1761531776158:hello
1761531801609:book --authour
1761531882228:hello world
1761531937380:help
1761532800937:helop
1761535353713:help -C
1761535761045:help
1761574418696:Book add --title "the cat in the hat" --author Dr.Suese
1761580088090:help
1761580366572:add
1761580369842:help
1761580376874:add -h
1761581752771:help
1761581762791:book
1761581799730:help
1761582041644:book add -
1761582055458:book add
1761582101457:a
1761582103430:book add
1761584554930:help
1761584562793:book add
1761584572002:stacktrace
1761584596959:book add
